Tue 23 Apr 2024 07:13:53 PM UTC: 
 tests:  0|6
total_score: 0/70
8f10db3
Tue 23 Apr 2024 07:20:25 PM UTC: 
 hashmap.c | 7 +++++++
 1 file changed, 7 insertions(+)
 tests:  1|5
total_score: 10/70
dd4b386
Tue 23 Apr 2024 07:27:53 PM UTC: 
 hashmap.c | 12 +++++++-----
 1 file changed, 7 insertions(+), 5 deletions(-)
 tests:  1|5
total_score: 10/70
546ba5a
Tue 23 Apr 2024 07:39:27 PM UTC: 
 hashmap.c | 11 ++++++++---
 1 file changed, 8 insertions(+), 3 deletions(-)
 tests:  0|0
f5943b7
Tue 23 Apr 2024 07:40:03 PM UTC: 
 hashmap.c | 1 +
 1 file changed, 1 insertion(+)
 tests:  0|0
8fc7649
Tue 23 Apr 2024 08:25:35 PM UTC: 
 hashmap.c | 26 ++++++++++++++++++++++----
 1 file changed, 22 insertions(+), 4 deletions(-)
 tests:  0|0
0d02c9f
Tue 23 Apr 2024 08:28:23 PM UTC: 
 hashmap.c | 24 +++++-------------------
 1 file changed, 5 insertions(+), 19 deletions(-)
 tests:  0|0
b219a9d
Tue 23 Apr 2024 08:28:48 PM UTC: 
 hashmap.c | 7 -------
 1 file changed, 7 deletions(-)
 tests:  5|4
total_score: 30/70
01ae12e
Tue 23 Apr 2024 08:29:24 PM UTC: 
 hashmap.c | 2 +-
 1 file changed, 1 insertion(+), 1 deletion(-)
 tests:  0|0
cb9b981
Tue 23 Apr 2024 08:29:38 PM UTC: 
 hashmap.c | 2 +-
 1 file changed, 1 insertion(+), 1 deletion(-)
In file included from test.c:4:
hashmap.c: In function ‘insertMap’:
hashmap.c:44:31: error: suggest parentheses around ‘&&’ within ‘||’ [-Werror=parentheses]
   44 |     if(map==NULL || key==NULL && value==NULL) return;
      |                               ^
cc1: all warnings being treated as errors
Compilation failed
8e85b55
Tue 23 Apr 2024 08:29:55 PM UTC: 
 hashmap.c | 4 ++--
 1 file changed, 2 insertions(+), 2 deletions(-)
 tests:  5|4
total_score: 30/70
cbec04a
Tue 23 Apr 2024 08:35:36 PM UTC: 
 hashmap.c | 2 +-
 1 file changed, 1 insertion(+), 1 deletion(-)
 tests:  4|5
total_score: 20/70
238acff
Tue 23 Apr 2024 08:36:09 PM UTC: 
 hashmap.c | 2 +-
 1 file changed, 1 insertion(+), 1 deletion(-)
 tests:  5|4
total_score: 30/70
f84d825
Tue 23 Apr 2024 08:40:59 PM UTC: 
 hashmap.c | 5 ++++-
 1 file changed, 4 insertions(+), 1 deletion(-)
 tests:  2|5
total_score: 20/70
3cc7d33
Tue 23 Apr 2024 08:41:27 PM UTC: 
 hashmap.c | 5 +----
 1 file changed, 1 insertion(+), 4 deletions(-)
 tests:  5|4
total_score: 30/70
d7c0130
Tue 23 Apr 2024 08:46:03 PM UTC: 
 hashmap.c | 12 ++++++++++--
 1 file changed, 10 insertions(+), 2 deletions(-)
test.c: In function ‘searchMap’:
test.c:453:5: error: ‘main’ is normally a non-static function [-Werror=main]
  453 | int main( int argc, char *argv[] ) {
      |     ^~~~
test.c:511:1: error: expected declaration or statement at end of input
  511 | }
      | ^
test.c:512: error: control reaches end of non-void function [-Werror=return-type]
At top level:
test.c:453:5: error: ‘main’ defined but not used [-Werror=unused-function]
  453 | int main( int argc, char *argv[] ) {
      |     ^~~~
test.c:217:5: error: ‘insert_test5’ defined but not used [-Werror=unused-function]
  217 | int insert_test5(){ //factor de carga>0.7, se llama a función enlarge
      |     ^~~~~~~~~~~~
test.c:131:6: error: ‘compare_test’ defined but not used [-Werror=unused-function]
  131 | void compare_test(){
      |      ^~~~~~~~~~~~
test.c:125:6: error: ‘hash_test3’ defined but not used [-Werror=unused-function]
  125 | void hash_test3(){ //no random
      |      ^~~~~~~~~~
test.c:111:6: error: ‘hash_test2’ defined but not used [-Werror=unused-function]
  111 | void hash_test2(){ // colisiones
      |      ^~~~~~~~~~
test.c:100:6: error: ‘hash_test1’ defined but not used [-Werror=unused-function]
  100 | void hash_test1(){ // posición válida
      |      ^~~~~~~~~~
cc1: all warnings being treated as errors
Compilation failed
68cdc5c
